[2026-07-16 18:13:51.555550] id=99 from=Test Hospital <test@hospital.com> -> draft CREATED OK: Thank you so much for your kind reply — this is a polite test draft from MASyste
ℹ️ Inbound check 2026-07-17 06:14 UTC — no new mail to draft.
ℹ️ Inbound check 2026-07-17 06:15 UTC — no new mail to draft.
ℹ️ Inbound check 2026-07-17 06:30 UTC — no new mail to draft.
ℹ️ Inbound check 2026-07-17 06:45 UTC — no new mail to draft.
ℹ️ Inbound check 2026-07-17 07:00 UTC — no new mail to draft.
ℹ️ Inbound check 2026-07-17 07:15 UTC — no new mail to draft.
ℹ️ Inbound check 2026-07-17 07:30 UTC — no new mail to draft.
ℹ️ Inbound check 2026-07-17 08:00 UTC — no new mail to draft.
ℹ️ Inbound check 2026-07-17 08:30 UTC — no new mail to draft.
ℹ️ Inbound check 2026-07-17 09:00 UTC — no new mail to draft.
ℹ️ Inbound check 2026-07-17 09:30 UTC — no new mail to draft.
ℹ️ Inbound check 2026-07-17 10:00 UTC — no new mail to draft.
ℹ️ Inbound check 2026-07-17 10:30 UTC — no new mail to draft.
ℹ️ Inbound check 2026-07-17 11:00 UTC — no new mail to draft.
ℹ️ Inbound check 2026-07-17 11:30 UTC — no new mail to draft.
ℹ️ Inbound check 2026-07-17 12:00 UTC — no new mail to draft.
ℹ️ Inbound check 2026-07-17 12:30 UTC — no new mail to draft.
ℹ️ Inbound check 2026-07-17 13:00 UTC — no new mail to draft.
ℹ️ Inbound check 2026-07-17 13:30 UTC — no new mail to draft.
ℹ️ Inbound check 2026-07-17 14:00 UTC — no new mail to draft.
[2026-07-17 14:30:27.171989] id=16 SKIP (draft empty/limited) — will retry
ℹ️ Inbound check 2026-07-17 14:30 UTC — no new mail to draft.
[2026-07-17 15:00:34.187477] id=16 from=Ankit Patel <ankit.patel.sub@gmail.com> -> draft CREATED OK: AGENT: Thank you so much for taking the time to reply — I really appreciate it. 
📬 Draft CREATED for Ankit Patel (Re: Tesf) → Gmail Drafts
✅ 1 inbound reply draft(s) → Gmail Drafts (review & send).
ℹ️ Inbound check 2026-07-17 15:30 UTC — no new mail to draft.
ℹ️ Inbound check 2026-07-17 16:00 UTC — no new mail to draft.
ℹ️ Inbound check 2026-07-17 16:30 UTC — no new mail to draft.
