[Thu Jul 16 17:08:44 UTC 2026] starting maps ingest
hospital @ Ahmedabad, Gujarat: 15 found, 14 kept
hospital @ Gandhinagar, Gujarat: 15 found, 15 kept
hospital @ Surat, Gujarat: 15 found, 15 kept
hospital @ Vadodara, Gujarat: 15 found, 15 kept
hotel @ Ahmedabad, Gujarat: 15 found, 15 kept
hotel @ Surat, Gujarat: 4 found, 4 kept
hotel @ Vadodara, Gujarat: 9 found, 9 kept
hotel @ Rajkot, Gujarat: 15 found, 14 kept
car_rental @ Ahmedabad, Gujarat: 0 found, 0 kept
car_rental @ Surat, Gujarat: 0 found, 0 kept
dentist @ Ahmedabad, Gujarat: 15 found, 15 kept

Total real prospects: 115
Inserted 86 new real leads into /root/ai-masystem-v2/masystem.db
[Thu Jul 16 17:14:54 UTC 2026] done (exit 0) rows now: 0
[Fri Jul 17 01:03:38 UTC 2026] starting maps ingest
hospital @ Ahmedabad, Gujarat: 15 found, 14 kept
hospital @ Gandhinagar, Gujarat: 15 found, 15 kept
hospital @ Surat, Gujarat: 15 found, 15 kept
hospital @ Vadodara, Gujarat: 15 found, 15 kept
[Fri Jul 17 01:06:43 UTC 2026] maps ingest starting
hospital @ Ahmedabad, Gujarat: 15 found, 14 kept
hospital @ Gandhinagar, Gujarat: 15 found, 15 kept
hospital @ Surat, Gujarat: 15 found, 15 kept
hospital @ Vadodara, Gujarat: 15 found, 15 kept
hotel @ Ahmedabad, Gujarat: 15 found, 15 kept
hotel @ Surat, Gujarat: 4 found, 4 kept
hotel @ Vadodara, Gujarat: 9 found, 9 kept
hotel @ Rajkot, Gujarat: 15 found, 14 kept
car_rental @ Ahmedabad, Gujarat: 0 found, 0 kept
car_rental @ Surat, Gujarat: 0 found, 0 kept
dentist @ Ahmedabad, Gujarat: 15 found, 15 kept

Total real prospects: 115
Inserted 0 new real leads into /root/ai-masystem-v2/masystem.db
[Fri Jul 17 01:11:02 UTC 2026] maps ingest done (exit 0)
[Fri Jul 17 20:05:54 UTC 2026] maps ingest starting
hospital @ Ahmedabad, Gujarat: 15 found, 14 kept
hospital @ Gandhinagar, Gujarat: 15 found, 15 kept
hospital @ Surat, Gujarat: 15 found, 15 kept
hospital @ Vadodara, Gujarat: 15 found, 15 kept
hotel @ Ahmedabad, Gujarat: 15 found, 15 kept
hotel @ Surat, Gujarat: 4 found, 4 kept
hotel @ Vadodara, Gujarat: 9 found, 9 kept
hotel @ Rajkot, Gujarat: 15 found, 14 kept
car_rental @ Ahmedabad, Gujarat: 0 found, 0 kept
car_rental @ Surat, Gujarat: 0 found, 0 kept
dentist @ Ahmedabad, Gujarat: 15 found, 15 kept

Total real prospects: 115
Inserted 0 new real leads into /root/ai-masystem-v2/masystem.db
[Fri Jul 17 20:10:33 UTC 2026] maps ingest done (exit 0)
